[2014-03-24 23:00:16.887] [TRACE] gameLogger - Game #1 was created
[2014-03-24 23:00:16.889] [TRACE] gameLogger - player #0 was added to room #1
[2014-03-24 23:00:16.890] [TRACE] gameLogger - player #1 was added to room #1
[2014-03-24 23:00:16.890] [TRACE] gameLogger - player #2 was added to room #1
[2014-03-24 23:00:16.894] [TRACE] gameLogger - from: 1
[2014-03-24 23:00:16.894] [TRACE] gameLogger - to: 1
[2014-03-24 23:00:16.894] [TRACE] gameLogger - phase: phase1
[2014-03-24 23:00:16.895] [TRACE] gameLogger - round: initial_round
[2014-03-24 23:00:16.895] [TRACE] gameLogger - beginphasev
[2014-03-24 23:00:16.896] [TRACE] gameLogger - clearPlayersAttributes
[2014-03-24 23:00:16.896] [TRACE] gameLogger - room.playerList.length: 3
[2014-03-24 23:00:16.897] [TRACE] gameLogger - buildPlayersAttributs
[2014-03-24 23:00:16.897] [TRACE] gameLogger - room.playerList.length: 3
[2014-03-24 23:00:16.898] [TRACE] gameLogger - for 1
[2014-03-24 23:00:16.898] [TRACE] gameLogger -  
[2014-03-24 23:00:16.900] [TRACE] gameLogger - ***************************** 
[2014-03-24 23:00:16.900] [TRACE] gameLogger - checkActions 
[2014-03-24 23:00:16.900] [TRACE] gameLogger - att: canMove
[2014-03-24 23:00:16.900] [TRACE] gameLogger - val: 1
[2014-03-24 23:00:16.901] [TRACE] gameLogger - att: canSeeChips
[2014-03-24 23:00:16.901] [TRACE] gameLogger - val: 1
[2014-03-24 23:00:16.901] [TRACE] gameLogger - att: canSeeLocations
[2014-03-24 23:00:16.901] [TRACE] gameLogger - val: 1
[2014-03-24 23:00:16.902] [TRACE] gameLogger - for 2
[2014-03-24 23:00:16.902] [TRACE] gameLogger -  
[2014-03-24 23:00:16.902] [TRACE] gameLogger - ***************************** 
[2014-03-24 23:00:16.903] [TRACE] gameLogger - checkActions 
[2014-03-24 23:00:16.903] [TRACE] gameLogger - rounds add
[2014-03-24 23:00:16.903] [TRACE] gameLogger -  
[2014-03-24 23:00:16.904] [TRACE] gameLogger - ***************************** 
[2014-03-24 23:00:16.904] [TRACE] gameLogger - checkActions 
[2014-03-24 23:00:16.904] [TRACE] gameLogger - phases add
[2014-03-24 23:00:16.906] [TRACE] gameLogger -  
[2014-03-24 23:00:16.906] [TRACE] gameLogger - ***************************** 
[2014-03-24 23:00:16.906] [TRACE] gameLogger - checkActions 
[2014-03-24 23:00:16.907] [TRACE] gameLogger - att: canMove
[2014-03-24 23:00:16.907] [TRACE] gameLogger - val: 0
[2014-03-24 23:00:16.907] [TRACE] gameLogger - att: canOfferTo
[2014-03-24 23:00:16.908] [TRACE] gameLogger - val: 
[2014-03-24 23:00:16.908] [TRACE] gameLogger - for 1
[2014-03-24 23:00:16.908] [TRACE] gameLogger -  
[2014-03-24 23:00:16.909] [TRACE] gameLogger - ***************************** 
[2014-03-24 23:00:16.909] [TRACE] gameLogger - checkActions 
[2014-03-24 23:00:16.911] [TRACE] gameLogger - att: canMove
[2014-03-24 23:00:16.911] [TRACE] gameLogger - val: 0
[2014-03-24 23:00:16.911] [TRACE] gameLogger - att: canSeeChips
[2014-03-24 23:00:16.912] [TRACE] gameLogger - val: 1
[2014-03-24 23:00:16.912] [TRACE] gameLogger - att: canSeeLocations
[2014-03-24 23:00:16.912] [TRACE] gameLogger - val: 1
[2014-03-24 23:00:16.912] [TRACE] gameLogger - for 2
[2014-03-24 23:00:16.913] [TRACE] gameLogger -  
[2014-03-24 23:00:16.913] [TRACE] gameLogger - ***************************** 
[2014-03-24 23:00:16.913] [TRACE] gameLogger - checkActions 
[2014-03-24 23:00:16.913] [TRACE] gameLogger - att: canOfferTo
[2014-03-24 23:00:16.914] [TRACE] gameLogger - val: responder
[2014-03-24 23:00:16.914] [TRACE] gameLogger - rounds add
[2014-03-24 23:00:16.914] [TRACE] gameLogger -  
[2014-03-24 23:00:16.915] [TRACE] gameLogger - ***************************** 
[2014-03-24 23:00:16.915] [TRACE] gameLogger - checkActions 
[2014-03-24 23:00:16.915] [TRACE] gameLogger - phases add
[2014-03-24 23:00:16.915] [TRACE] gameLogger -  
[2014-03-24 23:00:16.916] [TRACE] gameLogger - ***************************** 
[2014-03-24 23:00:16.916] [TRACE] gameLogger - checkActions 
[2014-03-24 23:00:16.916] [TRACE] gameLogger - att: canMove
[2014-03-24 23:00:16.917] [TRACE] gameLogger - val: 0
[2014-03-24 23:00:16.917] [TRACE] gameLogger - att: canOfferTo
[2014-03-24 23:00:16.917] [TRACE] gameLogger - val: 
[2014-03-24 23:00:16.919] [TRACE] gameLogger - for 1
[2014-03-24 23:00:16.919] [TRACE] gameLogger -  
[2014-03-24 23:00:16.919] [TRACE] gameLogger - ***************************** 
[2014-03-24 23:00:16.920] [TRACE] gameLogger - checkActions 
[2014-03-24 23:00:16.920] [TRACE] gameLogger - att: canMove
[2014-03-24 23:00:16.920] [TRACE] gameLogger - val: 0
[2014-03-24 23:00:16.920] [TRACE] gameLogger - att: canSeeChips
[2014-03-24 23:00:16.921] [TRACE] gameLogger - val: 1
[2014-03-24 23:00:16.921] [TRACE] gameLogger - att: canSeeLocations
[2014-03-24 23:00:16.921] [TRACE] gameLogger - val: 1
[2014-03-24 23:00:16.921] [TRACE] gameLogger - for 2
[2014-03-24 23:00:16.922] [TRACE] gameLogger -  
[2014-03-24 23:00:16.922] [TRACE] gameLogger - ***************************** 
[2014-03-24 23:00:16.922] [TRACE] gameLogger - checkActions 
[2014-03-24 23:00:16.923] [TRACE] gameLogger - att: canOfferTo
[2014-03-24 23:00:16.923] [TRACE] gameLogger - val: responder
[2014-03-24 23:00:16.924] [TRACE] gameLogger - rounds add
[2014-03-24 23:00:16.924] [TRACE] gameLogger -  
[2014-03-24 23:00:16.924] [TRACE] gameLogger - ***************************** 
[2014-03-24 23:00:16.924] [TRACE] gameLogger - checkActions 
[2014-03-24 23:00:16.925] [TRACE] gameLogger - phases add
[2014-03-24 23:00:16.925] [TRACE] gameLogger -  
[2014-03-24 23:00:16.925] [TRACE] gameLogger - ***************************** 
[2014-03-24 23:00:16.925] [TRACE] gameLogger - checkActions 
[2014-03-24 23:00:16.926] [TRACE] gameLogger - att: canMove
[2014-03-24 23:00:16.926] [TRACE] gameLogger - val: 0
[2014-03-24 23:00:16.926] [TRACE] gameLogger - att: canOfferTo
[2014-03-24 23:00:16.927] [TRACE] gameLogger - val: 
[2014-03-24 23:00:16.927] [TRACE] gameLogger - finish building attributes
[2014-03-24 23:00:16.928] [TRACE] gameLogger - room.playerList.length: 3
[2014-03-24 23:00:16.928] [TRACE] gameLogger - player1 attributes:
[2014-03-24 23:00:16.929] [TRACE] gameLogger -    canMove 0
[2014-03-24 23:00:16.930] [TRACE] gameLogger -    canOffer 0
[2014-03-24 23:00:16.930] [TRACE] gameLogger -    canTransfer 0
[2014-03-24 23:00:16.931] [TRACE] gameLogger -    canSeeChips 1
[2014-03-24 23:00:16.931] [TRACE] gameLogger -    canSeeLocations 1
[2014-03-24 23:00:16.931] [TRACE] gameLogger -    num_of_offers_per_player -1
[2014-03-24 23:00:16.931] [TRACE] gameLogger -    total_num_of_offers -1
[2014-03-24 23:00:16.931] [TRACE] gameLogger -    can_offer_to 
[2014-03-24 23:00:16.932] [TRACE] gameLogger - ***********************
[2014-03-24 23:00:16.933] [TRACE] gameLogger - player2 attributes:
[2014-03-24 23:00:16.933] [TRACE] gameLogger -    canMove 0
[2014-03-24 23:00:16.933] [TRACE] gameLogger -    canOffer 0
[2014-03-24 23:00:16.934] [TRACE] gameLogger -    canTransfer 0
[2014-03-24 23:00:16.934] [TRACE] gameLogger -    canSeeChips 1
[2014-03-24 23:00:16.934] [TRACE] gameLogger -    canSeeLocations 1
[2014-03-24 23:00:16.934] [TRACE] gameLogger -    num_of_offers_per_player -1
[2014-03-24 23:00:16.935] [TRACE] gameLogger -    total_num_of_offers -1
[2014-03-24 23:00:16.935] [TRACE] gameLogger -    can_offer_to 
[2014-03-24 23:00:16.935] [TRACE] gameLogger - ***********************
[2014-03-24 23:00:16.936] [TRACE] gameLogger - player3 attributes:
[2014-03-24 23:00:16.936] [TRACE] gameLogger -    canMove 0
[2014-03-24 23:00:16.937] [TRACE] gameLogger -    canOffer 0
[2014-03-24 23:00:16.937] [TRACE] gameLogger -    canTransfer 0
[2014-03-24 23:00:16.937] [TRACE] gameLogger -    canSeeChips 1
[2014-03-24 23:00:16.938] [TRACE] gameLogger -    canSeeLocations 1
[2014-03-24 23:00:16.938] [TRACE] gameLogger -    num_of_offers_per_player -1
[2014-03-24 23:00:16.938] [TRACE] gameLogger -    total_num_of_offers -1
[2014-03-24 23:00:16.938] [TRACE] gameLogger -    can_offer_to 
[2014-03-24 23:00:16.938] [TRACE] gameLogger - ***********************
[2014-03-24 23:00:16.940] [TRACE] gameLogger - phase: phase2
[2014-03-24 23:00:16.940] [TRACE] gameLogger - round: initial_round
[2014-03-24 23:00:16.940] [TRACE] gameLogger - beginphasev
[2014-03-24 23:00:16.940] [TRACE] gameLogger - clearPlayersAttributes
[2014-03-24 23:00:16.941] [TRACE] gameLogger - room.playerList.length: 3
[2014-03-24 23:00:16.943] [TRACE] gameLogger - buildPlayersAttributs
[2014-03-24 23:00:16.944] [TRACE] gameLogger - room.playerList.length: 3
[2014-03-24 23:00:16.944] [TRACE] gameLogger - for 1
[2014-03-24 23:00:16.944] [TRACE] gameLogger -  
[2014-03-24 23:00:16.945] [TRACE] gameLogger - ***************************** 
[2014-03-24 23:00:16.945] [TRACE] gameLogger - checkActions 
[2014-03-24 23:00:16.945] [TRACE] gameLogger - att: canMove
[2014-03-24 23:00:16.945] [TRACE] gameLogger - val: 1
[2014-03-24 23:00:16.946] [TRACE] gameLogger - att: canSeeChips
[2014-03-24 23:00:16.946] [TRACE] gameLogger - val: 1
[2014-03-24 23:00:16.946] [TRACE] gameLogger - att: canSeeLocations
[2014-03-24 23:00:16.947] [TRACE] gameLogger - val: 1
[2014-03-24 23:00:16.947] [TRACE] gameLogger - for 2
[2014-03-24 23:00:16.947] [TRACE] gameLogger -  
[2014-03-24 23:00:16.947] [TRACE] gameLogger - ***************************** 
[2014-03-24 23:00:16.948] [TRACE] gameLogger - checkActions 
[2014-03-24 23:00:16.948] [TRACE] gameLogger - rounds add
[2014-03-24 23:00:16.948] [TRACE] gameLogger -  
[2014-03-24 23:00:16.948] [TRACE] gameLogger - ***************************** 
[2014-03-24 23:00:16.949] [TRACE] gameLogger - checkActions 
[2014-03-24 23:00:16.949] [TRACE] gameLogger - phases add
[2014-03-24 23:00:16.949] [TRACE] gameLogger -  
[2014-03-24 23:00:16.950] [TRACE] gameLogger - ***************************** 
[2014-03-24 23:00:16.950] [TRACE] gameLogger - checkActions 
[2014-03-24 23:00:16.950] [TRACE] gameLogger - att: canMove
[2014-03-24 23:00:16.950] [TRACE] gameLogger - val: 0
[2014-03-24 23:00:16.951] [TRACE] gameLogger - for 1
[2014-03-24 23:00:16.951] [TRACE] gameLogger -  
[2014-03-24 23:00:16.951] [TRACE] gameLogger - ***************************** 
[2014-03-24 23:00:16.952] [TRACE] gameLogger - checkActions 
[2014-03-24 23:00:16.952] [TRACE] gameLogger - att: canMove
[2014-03-24 23:00:16.952] [TRACE] gameLogger - val: 0
[2014-03-24 23:00:16.952] [TRACE] gameLogger - att: canSeeChips
[2014-03-24 23:00:16.952] [TRACE] gameLogger - val: 1
[2014-03-24 23:00:16.953] [TRACE] gameLogger - att: canSeeLocations
[2014-03-24 23:00:16.953] [TRACE] gameLogger - val: 1
[2014-03-24 23:00:16.953] [TRACE] gameLogger - for 2
[2014-03-24 23:00:16.954] [TRACE] gameLogger -  
[2014-03-24 23:00:16.955] [TRACE] gameLogger - ***************************** 
[2014-03-24 23:00:16.955] [TRACE] gameLogger - checkActions 
[2014-03-24 23:00:16.955] [TRACE] gameLogger - att: canOfferTo
[2014-03-24 23:00:16.955] [TRACE] gameLogger - val: responder
[2014-03-24 23:00:16.955] [TRACE] gameLogger - rounds add
[2014-03-24 23:00:16.956] [TRACE] gameLogger -  
[2014-03-24 23:00:16.956] [TRACE] gameLogger - ***************************** 
[2014-03-24 23:00:16.957] [TRACE] gameLogger - checkActions 
[2014-03-24 23:00:16.957] [TRACE] gameLogger - phases add
[2014-03-24 23:00:16.957] [TRACE] gameLogger -  
[2014-03-24 23:00:16.958] [TRACE] gameLogger - ***************************** 
[2014-03-24 23:00:16.958] [TRACE] gameLogger - checkActions 
[2014-03-24 23:00:16.958] [TRACE] gameLogger - att: canMove
[2014-03-24 23:00:16.958] [TRACE] gameLogger - val: 0
[2014-03-24 23:00:16.958] [TRACE] gameLogger - for 1
[2014-03-24 23:00:16.959] [TRACE] gameLogger -  
[2014-03-24 23:00:16.959] [TRACE] gameLogger - ***************************** 
[2014-03-24 23:00:16.959] [TRACE] gameLogger - checkActions 
[2014-03-24 23:00:16.960] [TRACE] gameLogger - att: canMove
[2014-03-24 23:00:16.960] [TRACE] gameLogger - val: 0
[2014-03-24 23:00:16.960] [TRACE] gameLogger - att: canSeeChips
[2014-03-24 23:00:16.960] [TRACE] gameLogger - val: 1
[2014-03-24 23:00:16.961] [TRACE] gameLogger - att: canSeeLocations
[2014-03-24 23:00:16.961] [TRACE] gameLogger - val: 1
[2014-03-24 23:00:16.961] [TRACE] gameLogger - for 2
[2014-03-24 23:00:16.962] [TRACE] gameLogger -  
[2014-03-24 23:00:16.962] [TRACE] gameLogger - ***************************** 
[2014-03-24 23:00:16.962] [TRACE] gameLogger - checkActions 
[2014-03-24 23:00:16.962] [TRACE] gameLogger - att: canOfferTo
[2014-03-24 23:00:16.965] [TRACE] gameLogger - val: responder
[2014-03-24 23:00:16.965] [TRACE] gameLogger - rounds add
[2014-03-24 23:00:16.965] [TRACE] gameLogger -  
[2014-03-24 23:00:16.966] [TRACE] gameLogger - ***************************** 
[2014-03-24 23:00:16.966] [TRACE] gameLogger - checkActions 
[2014-03-24 23:00:16.966] [TRACE] gameLogger - phases add
[2014-03-24 23:00:16.966] [TRACE] gameLogger -  
[2014-03-24 23:00:16.967] [TRACE] gameLogger - ***************************** 
[2014-03-24 23:00:16.967] [TRACE] gameLogger - checkActions 
[2014-03-24 23:00:16.967] [TRACE] gameLogger - att: canMove
[2014-03-24 23:00:16.967] [TRACE] gameLogger - val: 0
[2014-03-24 23:00:16.968] [TRACE] gameLogger - finish building attributes
[2014-03-24 23:00:16.968] [TRACE] gameLogger - room.playerList.length: 3
[2014-03-24 23:00:16.968] [TRACE] gameLogger - player1 attributes:
[2014-03-24 23:00:16.969] [TRACE] gameLogger -    canMove 0
[2014-03-24 23:00:16.969] [TRACE] gameLogger -    canOffer 0
[2014-03-24 23:00:16.969] [TRACE] gameLogger -    canTransfer 0
[2014-03-24 23:00:16.969] [TRACE] gameLogger -    canSeeChips 1
[2014-03-24 23:00:16.969] [TRACE] gameLogger -    canSeeLocations 1
[2014-03-24 23:00:16.970] [TRACE] gameLogger -    num_of_offers_per_player -1
[2014-03-24 23:00:16.970] [TRACE] gameLogger -    total_num_of_offers -1
[2014-03-24 23:00:16.970] [TRACE] gameLogger -    can_offer_to 
[2014-03-24 23:00:16.970] [TRACE] gameLogger - ***********************
[2014-03-24 23:00:16.971] [TRACE] gameLogger - player2 attributes:
[2014-03-24 23:00:16.971] [TRACE] gameLogger -    canMove 0
[2014-03-24 23:00:16.972] [TRACE] gameLogger -    canOffer 0
[2014-03-24 23:00:16.972] [TRACE] gameLogger -    canTransfer 0
[2014-03-24 23:00:16.972] [TRACE] gameLogger -    canSeeChips 1
[2014-03-24 23:00:16.972] [TRACE] gameLogger -    canSeeLocations 1
[2014-03-24 23:00:16.972] [TRACE] gameLogger -    num_of_offers_per_player -1
[2014-03-24 23:00:16.973] [TRACE] gameLogger -    total_num_of_offers -1
[2014-03-24 23:00:16.973] [TRACE] gameLogger -    can_offer_to 
[2014-03-24 23:00:16.973] [TRACE] gameLogger - ***********************
[2014-03-24 23:00:16.975] [TRACE] gameLogger - player3 attributes:
[2014-03-24 23:00:16.975] [TRACE] gameLogger -    canMove 0
[2014-03-24 23:00:16.975] [TRACE] gameLogger -    canOffer 0
[2014-03-24 23:00:16.976] [TRACE] gameLogger -    canTransfer 0
[2014-03-24 23:00:16.976] [TRACE] gameLogger -    canSeeChips 1
[2014-03-24 23:00:16.976] [TRACE] gameLogger -    canSeeLocations 1
[2014-03-24 23:00:16.976] [TRACE] gameLogger -    num_of_offers_per_player -1
[2014-03-24 23:00:16.976] [TRACE] gameLogger -    total_num_of_offers -1
[2014-03-24 23:00:16.977] [TRACE] gameLogger -    can_offer_to 
[2014-03-24 23:00:16.977] [TRACE] gameLogger - ***********************
[2014-03-24 23:00:16.978] [TRACE] gameLogger - phase: phase3
[2014-03-24 23:00:16.978] [TRACE] gameLogger - round: initial_round
[2014-03-24 23:00:16.978] [TRACE] gameLogger - beginphasev
[2014-03-24 23:00:16.979] [TRACE] gameLogger - clearPlayersAttributes
[2014-03-24 23:00:16.979] [TRACE] gameLogger - room.playerList.length: 3
[2014-03-24 23:00:16.979] [TRACE] gameLogger - buildPlayersAttributs
[2014-03-24 23:00:16.980] [TRACE] gameLogger - room.playerList.length: 3
[2014-03-24 23:00:16.980] [TRACE] gameLogger - for 1
[2014-03-24 23:00:16.980] [TRACE] gameLogger -  
[2014-03-24 23:00:16.980] [TRACE] gameLogger - ***************************** 
[2014-03-24 23:00:16.981] [TRACE] gameLogger - checkActions 
[2014-03-24 23:00:16.981] [TRACE] gameLogger - att: canMove
[2014-03-24 23:00:16.981] [TRACE] gameLogger - val: 1
[2014-03-24 23:00:16.981] [TRACE] gameLogger - att: canSeeChips
[2014-03-24 23:00:16.982] [TRACE] gameLogger - val: 1
[2014-03-24 23:00:16.982] [TRACE] gameLogger - att: canSeeLocations
[2014-03-24 23:00:16.982] [TRACE] gameLogger - val: 1
[2014-03-24 23:00:16.982] [TRACE] gameLogger - for 2
[2014-03-24 23:00:16.983] [TRACE] gameLogger -  
[2014-03-24 23:00:16.983] [TRACE] gameLogger - ***************************** 
[2014-03-24 23:00:16.983] [TRACE] gameLogger - checkActions 
[2014-03-24 23:00:16.983] [TRACE] gameLogger - rounds add
[2014-03-24 23:00:16.984] [TRACE] gameLogger -  
[2014-03-24 23:00:16.984] [TRACE] gameLogger - ***************************** 
[2014-03-24 23:00:16.985] [TRACE] gameLogger - checkActions 
[2014-03-24 23:00:16.985] [TRACE] gameLogger - phases add
[2014-03-24 23:00:16.985] [TRACE] gameLogger -  
[2014-03-24 23:00:16.985] [TRACE] gameLogger - ***************************** 
[2014-03-24 23:00:16.986] [TRACE] gameLogger - checkActions 
[2014-03-24 23:00:16.986] [TRACE] gameLogger - att: canOfferTo
[2014-03-24 23:00:16.986] [TRACE] gameLogger - val: 
[2014-03-24 23:00:16.986] [TRACE] gameLogger - for 1
[2014-03-24 23:00:16.987] [TRACE] gameLogger -  
[2014-03-24 23:00:16.987] [TRACE] gameLogger - ***************************** 
[2014-03-24 23:00:16.987] [TRACE] gameLogger - checkActions 
[2014-03-24 23:00:16.988] [TRACE] gameLogger - att: canMove
[2014-03-24 23:00:16.988] [TRACE] gameLogger - val: 0
[2014-03-24 23:00:16.988] [TRACE] gameLogger - att: canSeeChips
[2014-03-24 23:00:16.988] [TRACE] gameLogger - val: 1
[2014-03-24 23:00:16.989] [TRACE] gameLogger - att: canSeeLocations
[2014-03-24 23:00:16.989] [TRACE] gameLogger - val: 1
[2014-03-24 23:00:16.989] [TRACE] gameLogger - for 2
[2014-03-24 23:00:16.990] [TRACE] gameLogger -  
[2014-03-24 23:00:16.990] [TRACE] gameLogger - ***************************** 
[2014-03-24 23:00:16.990] [TRACE] gameLogger - checkActions 
[2014-03-24 23:00:16.990] [TRACE] gameLogger - att: canOfferTo
[2014-03-24 23:00:16.990] [TRACE] gameLogger - val: responder
[2014-03-24 23:00:16.991] [TRACE] gameLogger - rounds add
[2014-03-24 23:00:16.991] [TRACE] gameLogger -  
[2014-03-24 23:00:16.991] [TRACE] gameLogger - ***************************** 
[2014-03-24 23:00:16.991] [TRACE] gameLogger - checkActions 
[2014-03-24 23:00:16.992] [TRACE] gameLogger - phases add
[2014-03-24 23:00:16.992] [TRACE] gameLogger -  
[2014-03-24 23:00:16.992] [TRACE] gameLogger - ***************************** 
[2014-03-24 23:00:16.992] [TRACE] gameLogger - checkActions 
[2014-03-24 23:00:16.993] [TRACE] gameLogger - att: canOfferTo
[2014-03-24 23:00:16.993] [TRACE] gameLogger - val: 
[2014-03-24 23:00:16.993] [TRACE] gameLogger - for 1
[2014-03-24 23:00:16.994] [TRACE] gameLogger -  
[2014-03-24 23:00:16.994] [TRACE] gameLogger - ***************************** 
[2014-03-24 23:00:16.994] [TRACE] gameLogger - checkActions 
[2014-03-24 23:00:16.995] [TRACE] gameLogger - att: canMove
[2014-03-24 23:00:16.995] [TRACE] gameLogger - val: 0
[2014-03-24 23:00:16.995] [TRACE] gameLogger - att: canSeeChips
[2014-03-24 23:00:16.995] [TRACE] gameLogger - val: 1
[2014-03-24 23:00:16.996] [TRACE] gameLogger - att: canSeeLocations
[2014-03-24 23:00:16.996] [TRACE] gameLogger - val: 1
[2014-03-24 23:00:16.996] [TRACE] gameLogger - for 2
[2014-03-24 23:00:16.996] [TRACE] gameLogger -  
[2014-03-24 23:00:16.997] [TRACE] gameLogger - ***************************** 
[2014-03-24 23:00:16.997] [TRACE] gameLogger - checkActions 
[2014-03-24 23:00:16.997] [TRACE] gameLogger - att: canOfferTo
[2014-03-24 23:00:16.997] [TRACE] gameLogger - val: responder
[2014-03-24 23:00:16.998] [TRACE] gameLogger - rounds add
[2014-03-24 23:00:16.998] [TRACE] gameLogger -  
[2014-03-24 23:00:16.998] [TRACE] gameLogger - ***************************** 
[2014-03-24 23:00:16.998] [TRACE] gameLogger - checkActions 
[2014-03-24 23:00:16.999] [TRACE] gameLogger - phases add
[2014-03-24 23:00:16.999] [TRACE] gameLogger -  
[2014-03-24 23:00:16.999] [TRACE] gameLogger - ***************************** 
[2014-03-24 23:00:16.999] [TRACE] gameLogger - checkActions 
[2014-03-24 23:00:17.000] [TRACE] gameLogger - att: canOfferTo
[2014-03-24 23:00:17.000] [TRACE] gameLogger - val: 
[2014-03-24 23:00:17.000] [TRACE] gameLogger - finish building attributes
[2014-03-24 23:00:17.001] [TRACE] gameLogger - room.playerList.length: 3
[2014-03-24 23:00:17.001] [TRACE] gameLogger - player1 attributes:
[2014-03-24 23:00:17.001] [TRACE] gameLogger -    canMove 1
[2014-03-24 23:00:17.001] [TRACE] gameLogger -    canOffer 0
[2014-03-24 23:00:17.001] [TRACE] gameLogger -    canTransfer 0
[2014-03-24 23:00:17.002] [TRACE] gameLogger -    canSeeChips 1
[2014-03-24 23:00:17.002] [TRACE] gameLogger -    canSeeLocations 1
[2014-03-24 23:00:17.002] [TRACE] gameLogger -    num_of_offers_per_player -1
[2014-03-24 23:00:17.002] [TRACE] gameLogger -    total_num_of_offers -1
[2014-03-24 23:00:17.003] [TRACE] gameLogger -    can_offer_to 
[2014-03-24 23:00:17.003] [TRACE] gameLogger - ***********************
[2014-03-24 23:00:17.004] [TRACE] gameLogger - player2 attributes:
[2014-03-24 23:00:17.004] [TRACE] gameLogger -    canMove 0
[2014-03-24 23:00:17.004] [TRACE] gameLogger -    canOffer 0
[2014-03-24 23:00:17.005] [TRACE] gameLogger -    canTransfer 0
[2014-03-24 23:00:17.005] [TRACE] gameLogger -    canSeeChips 1
[2014-03-24 23:00:17.005] [TRACE] gameLogger -    canSeeLocations 1
[2014-03-24 23:00:17.005] [TRACE] gameLogger -    num_of_offers_per_player -1
[2014-03-24 23:00:17.005] [TRACE] gameLogger -    total_num_of_offers -1
[2014-03-24 23:00:17.006] [TRACE] gameLogger -    can_offer_to 
[2014-03-24 23:00:17.006] [TRACE] gameLogger - ***********************
[2014-03-24 23:00:17.007] [TRACE] gameLogger - player3 attributes:
[2014-03-24 23:00:17.007] [TRACE] gameLogger -    canMove 0
[2014-03-24 23:00:17.007] [TRACE] gameLogger -    canOffer 0
[2014-03-24 23:00:17.008] [TRACE] gameLogger -    canTransfer 0
[2014-03-24 23:00:17.008] [TRACE] gameLogger -    canSeeChips 1
[2014-03-24 23:00:17.008] [TRACE] gameLogger -    canSeeLocations 1
[2014-03-24 23:00:17.008] [TRACE] gameLogger -    num_of_offers_per_player -1
[2014-03-24 23:00:17.009] [TRACE] gameLogger -    total_num_of_offers -1
[2014-03-24 23:00:17.009] [TRACE] gameLogger -    can_offer_to 
[2014-03-24 23:00:17.009] [TRACE] gameLogger - ***********************
[2014-03-24 23:00:17.010] [TRACE] gameLogger - phase: phase2
[2014-03-24 23:00:17.010] [TRACE] gameLogger - round: round_1
[2014-03-24 23:00:17.011] [TRACE] gameLogger - beginphasev
[2014-03-24 23:00:17.011] [TRACE] gameLogger - clearPlayersAttributes
[2014-03-24 23:00:17.011] [TRACE] gameLogger - room.playerList.length: 3
[2014-03-24 23:00:17.012] [TRACE] gameLogger - buildPlayersAttributs
[2014-03-24 23:00:17.012] [TRACE] gameLogger - room.playerList.length: 3
[2014-03-24 23:00:17.012] [TRACE] gameLogger - for 1
[2014-03-24 23:00:17.014] [TRACE] gameLogger -  
[2014-03-24 23:00:17.014] [TRACE] gameLogger - ***************************** 
[2014-03-24 23:00:17.014] [TRACE] gameLogger - checkActions 
[2014-03-24 23:00:17.014] [TRACE] gameLogger - att: canMove
[2014-03-24 23:00:17.015] [TRACE] gameLogger - val: 1
[2014-03-24 23:00:17.015] [TRACE] gameLogger - att: canSeeChips
[2014-03-24 23:00:17.015] [TRACE] gameLogger - val: 1
[2014-03-24 23:00:17.015] [TRACE] gameLogger - att: canSeeLocations
[2014-03-24 23:00:17.016] [TRACE] gameLogger - val: 1
[2014-03-24 23:00:17.016] [TRACE] gameLogger - for 2
[2014-03-24 23:00:17.016] [TRACE] gameLogger -  
[2014-03-24 23:00:17.016] [TRACE] gameLogger - ***************************** 
[2014-03-24 23:00:17.017] [TRACE] gameLogger - checkActions 
[2014-03-24 23:00:17.017] [TRACE] gameLogger - att: canOfferTo
[2014-03-24 23:00:17.017] [TRACE] gameLogger - val: responder
[2014-03-24 23:00:17.018] [TRACE] gameLogger - rounds add
[2014-03-24 23:00:17.019] [TRACE] gameLogger -  
[2014-03-24 23:00:17.019] [TRACE] gameLogger - ***************************** 
[2014-03-24 23:00:17.019] [TRACE] gameLogger - checkActions 
[2014-03-24 23:00:17.019] [TRACE] gameLogger - phases add
[2014-03-24 23:00:17.020] [TRACE] gameLogger -  
[2014-03-24 23:00:17.020] [TRACE] gameLogger - ***************************** 
[2014-03-24 23:00:17.021] [TRACE] gameLogger - checkActions 
[2014-03-24 23:00:17.021] [TRACE] gameLogger - att: canMove
[2014-03-24 23:00:17.021] [TRACE] gameLogger - val: 0
[2014-03-24 23:00:17.021] [TRACE] gameLogger - for 1
[2014-03-24 23:00:17.022] [TRACE] gameLogger -  
[2014-03-24 23:00:17.022] [TRACE] gameLogger - ***************************** 
[2014-03-24 23:00:17.022] [TRACE] gameLogger - checkActions 
[2014-03-24 23:00:17.022] [TRACE] gameLogger - att: canMove
[2014-03-24 23:00:17.023] [TRACE] gameLogger - val: 0
[2014-03-24 23:00:17.023] [TRACE] gameLogger - att: canSeeChips
[2014-03-24 23:00:17.024] [TRACE] gameLogger - val: 1
[2014-03-24 23:00:17.024] [TRACE] gameLogger - att: canSeeLocations
[2014-03-24 23:00:17.025] [TRACE] gameLogger - val: 1
[2014-03-24 23:00:17.025] [TRACE] gameLogger - for 2
[2014-03-24 23:00:17.025] [TRACE] gameLogger -  
[2014-03-24 23:00:17.026] [TRACE] gameLogger - ***************************** 
[2014-03-24 23:00:17.026] [TRACE] gameLogger - checkActions 
[2014-03-24 23:00:17.026] [TRACE] gameLogger - rounds add
[2014-03-24 23:00:17.026] [TRACE] gameLogger -  
[2014-03-24 23:00:17.027] [TRACE] gameLogger - ***************************** 
[2014-03-24 23:00:17.027] [TRACE] gameLogger - checkActions 
[2014-03-24 23:00:17.027] [TRACE] gameLogger - phases add
[2014-03-24 23:00:17.027] [TRACE] gameLogger -  
[2014-03-24 23:00:17.028] [TRACE] gameLogger - ***************************** 
[2014-03-24 23:00:17.028] [TRACE] gameLogger - checkActions 
[2014-03-24 23:00:17.028] [TRACE] gameLogger - att: canMove
[2014-03-24 23:00:17.028] [TRACE] gameLogger - val: 0
[2014-03-24 23:00:17.028] [TRACE] gameLogger - for 1
[2014-03-24 23:00:17.029] [TRACE] gameLogger -  
[2014-03-24 23:00:17.029] [TRACE] gameLogger - ***************************** 
[2014-03-24 23:00:17.029] [TRACE] gameLogger - checkActions 
[2014-03-24 23:00:17.030] [TRACE] gameLogger - att: canMove
[2014-03-24 23:00:17.030] [TRACE] gameLogger - val: 0
[2014-03-24 23:00:17.030] [TRACE] gameLogger - att: canSeeChips
[2014-03-24 23:00:17.030] [TRACE] gameLogger - val: 1
[2014-03-24 23:00:17.031] [TRACE] gameLogger - att: canSeeLocations
[2014-03-24 23:00:17.031] [TRACE] gameLogger - val: 1
[2014-03-24 23:00:17.031] [TRACE] gameLogger - for 2
[2014-03-24 23:00:17.031] [TRACE] gameLogger -  
[2014-03-24 23:00:17.032] [TRACE] gameLogger - ***************************** 
[2014-03-24 23:00:17.032] [TRACE] gameLogger - checkActions 
[2014-03-24 23:00:17.032] [TRACE] gameLogger - rounds add
[2014-03-24 23:00:17.032] [TRACE] gameLogger -  
[2014-03-24 23:00:17.033] [TRACE] gameLogger - ***************************** 
[2014-03-24 23:00:17.033] [TRACE] gameLogger - checkActions 
[2014-03-24 23:00:17.033] [TRACE] gameLogger - phases add
[2014-03-24 23:00:17.033] [TRACE] gameLogger -  
[2014-03-24 23:00:17.034] [TRACE] gameLogger - ***************************** 
[2014-03-24 23:00:17.034] [TRACE] gameLogger - checkActions 
[2014-03-24 23:00:17.034] [TRACE] gameLogger - att: canMove
[2014-03-24 23:00:17.034] [TRACE] gameLogger - val: 0
[2014-03-24 23:00:17.035] [TRACE] gameLogger - finish building attributes
[2014-03-24 23:00:17.035] [TRACE] gameLogger - room.playerList.length: 3
[2014-03-24 23:00:17.035] [TRACE] gameLogger - player1 attributes:
[2014-03-24 23:00:17.035] [TRACE] gameLogger -    canMove 0
[2014-03-24 23:00:17.036] [TRACE] gameLogger -    canOffer 0
[2014-03-24 23:00:17.036] [TRACE] gameLogger -    canTransfer 0
[2014-03-24 23:00:17.036] [TRACE] gameLogger -    canSeeChips 1
[2014-03-24 23:00:17.036] [TRACE] gameLogger -    canSeeLocations 1
[2014-03-24 23:00:17.037] [TRACE] gameLogger -    num_of_offers_per_player -1
[2014-03-24 23:00:17.037] [TRACE] gameLogger -    total_num_of_offers -1
[2014-03-24 23:00:17.037] [TRACE] gameLogger -    can_offer_to 
[2014-03-24 23:00:17.037] [TRACE] gameLogger - ***********************
[2014-03-24 23:00:17.038] [TRACE] gameLogger - player2 attributes:
[2014-03-24 23:00:17.039] [TRACE] gameLogger -    canMove 0
[2014-03-24 23:00:17.039] [TRACE] gameLogger -    canOffer 0
[2014-03-24 23:00:17.039] [TRACE] gameLogger -    canTransfer 0
[2014-03-24 23:00:17.040] [TRACE] gameLogger -    canSeeChips 1
[2014-03-24 23:00:17.040] [TRACE] gameLogger -    canSeeLocations 1
[2014-03-24 23:00:17.040] [TRACE] gameLogger -    num_of_offers_per_player -1
[2014-03-24 23:00:17.040] [TRACE] gameLogger -    total_num_of_offers -1
[2014-03-24 23:00:17.040] [TRACE] gameLogger -    can_offer_to 
[2014-03-24 23:00:17.041] [TRACE] gameLogger - ***********************
[2014-03-24 23:00:17.042] [TRACE] gameLogger - player3 attributes:
[2014-03-24 23:00:17.042] [TRACE] gameLogger -    canMove 0
[2014-03-24 23:00:17.042] [TRACE] gameLogger -    canOffer 0
[2014-03-24 23:00:17.043] [TRACE] gameLogger -    canTransfer 0
[2014-03-24 23:00:17.043] [TRACE] gameLogger -    canSeeChips 1
[2014-03-24 23:00:17.043] [TRACE] gameLogger -    canSeeLocations 1
[2014-03-24 23:00:17.043] [TRACE] gameLogger -    num_of_offers_per_player -1
[2014-03-24 23:00:17.043] [TRACE] gameLogger -    total_num_of_offers -1
[2014-03-24 23:00:17.044] [TRACE] gameLogger -    can_offer_to 
[2014-03-24 23:00:17.044] [TRACE] gameLogger - ***********************
[2014-03-24 23:00:17.045] [TRACE] gameLogger - phase: phase3
[2014-03-24 23:00:17.045] [TRACE] gameLogger - round: round_1
[2014-03-24 23:00:17.045] [TRACE] gameLogger - beginphasev
[2014-03-24 23:00:17.046] [TRACE] gameLogger - clearPlayersAttributes
[2014-03-24 23:00:17.046] [TRACE] gameLogger - room.playerList.length: 3
[2014-03-24 23:00:17.046] [TRACE] gameLogger - buildPlayersAttributs
[2014-03-24 23:00:17.047] [TRACE] gameLogger - room.playerList.length: 3
[2014-03-24 23:00:17.047] [TRACE] gameLogger - for 1
[2014-03-24 23:00:17.047] [TRACE] gameLogger -  
[2014-03-24 23:00:17.047] [TRACE] gameLogger - ***************************** 
[2014-03-24 23:00:17.048] [TRACE] gameLogger - checkActions 
[2014-03-24 23:00:17.048] [TRACE] gameLogger - att: canMove
[2014-03-24 23:00:17.048] [TRACE] gameLogger - val: 1
[2014-03-24 23:00:17.048] [TRACE] gameLogger - att: canSeeChips
[2014-03-24 23:00:17.048] [TRACE] gameLogger - val: 1
[2014-03-24 23:00:17.049] [TRACE] gameLogger - att: canSeeLocations
[2014-03-24 23:00:17.049] [TRACE] gameLogger - val: 1
[2014-03-24 23:00:17.049] [TRACE] gameLogger - for 2
[2014-03-24 23:00:17.050] [TRACE] gameLogger -  
[2014-03-24 23:00:17.050] [TRACE] gameLogger - ***************************** 
[2014-03-24 23:00:17.050] [TRACE] gameLogger - checkActions 
[2014-03-24 23:00:17.050] [TRACE] gameLogger - att: canOfferTo
[2014-03-24 23:00:17.050] [TRACE] gameLogger - val: responder
[2014-03-24 23:00:17.051] [TRACE] gameLogger - rounds add
[2014-03-24 23:00:17.051] [TRACE] gameLogger -  
[2014-03-24 23:00:17.051] [TRACE] gameLogger - ***************************** 
[2014-03-24 23:00:17.051] [TRACE] gameLogger - checkActions 
[2014-03-24 23:00:17.052] [TRACE] gameLogger - phases add
[2014-03-24 23:00:17.052] [TRACE] gameLogger -  
[2014-03-24 23:00:17.052] [TRACE] gameLogger - ***************************** 
[2014-03-24 23:00:17.052] [TRACE] gameLogger - checkActions 
[2014-03-24 23:00:17.053] [TRACE] gameLogger - att: canOfferTo
[2014-03-24 23:00:17.053] [TRACE] gameLogger - val: 
[2014-03-24 23:00:17.053] [TRACE] gameLogger - for 1
[2014-03-24 23:00:17.054] [TRACE] gameLogger -  
[2014-03-24 23:00:17.054] [TRACE] gameLogger - ***************************** 
[2014-03-24 23:00:17.054] [TRACE] gameLogger - checkActions 
[2014-03-24 23:00:17.054] [TRACE] gameLogger - att: canMove
[2014-03-24 23:00:17.055] [TRACE] gameLogger - val: 0
[2014-03-24 23:00:17.055] [TRACE] gameLogger - att: canSeeChips
[2014-03-24 23:00:17.055] [TRACE] gameLogger - val: 1
[2014-03-24 23:00:17.055] [TRACE] gameLogger - att: canSeeLocations
[2014-03-24 23:00:17.056] [TRACE] gameLogger - val: 1
[2014-03-24 23:00:17.056] [TRACE] gameLogger - for 2
[2014-03-24 23:00:17.056] [TRACE] gameLogger -  
[2014-03-24 23:00:17.057] [TRACE] gameLogger - ***************************** 
[2014-03-24 23:00:17.057] [TRACE] gameLogger - checkActions 
[2014-03-24 23:00:17.057] [TRACE] gameLogger - rounds add
[2014-03-24 23:00:17.057] [TRACE] gameLogger -  
[2014-03-24 23:00:17.058] [TRACE] gameLogger - ***************************** 
[2014-03-24 23:00:17.058] [TRACE] gameLogger - checkActions 
[2014-03-24 23:00:17.058] [TRACE] gameLogger - phases add
[2014-03-24 23:00:17.058] [TRACE] gameLogger -  
[2014-03-24 23:00:17.059] [TRACE] gameLogger - ***************************** 
[2014-03-24 23:00:17.059] [TRACE] gameLogger - checkActions 
[2014-03-24 23:00:17.059] [TRACE] gameLogger - att: canOfferTo
[2014-03-24 23:00:17.059] [TRACE] gameLogger - val: 
[2014-03-24 23:00:17.060] [TRACE] gameLogger - for 1
[2014-03-24 23:00:17.060] [TRACE] gameLogger -  
[2014-03-24 23:00:17.060] [TRACE] gameLogger - ***************************** 
[2014-03-24 23:00:17.060] [TRACE] gameLogger - checkActions 
[2014-03-24 23:00:17.061] [TRACE] gameLogger - att: canMove
[2014-03-24 23:00:17.061] [TRACE] gameLogger - val: 0
[2014-03-24 23:00:17.061] [TRACE] gameLogger - att: canSeeChips
[2014-03-24 23:00:17.061] [TRACE] gameLogger - val: 1
[2014-03-24 23:00:17.062] [TRACE] gameLogger - att: canSeeLocations
[2014-03-24 23:00:17.062] [TRACE] gameLogger - val: 1
[2014-03-24 23:00:17.062] [TRACE] gameLogger - for 2
[2014-03-24 23:00:17.062] [TRACE] gameLogger -  
[2014-03-24 23:00:17.063] [TRACE] gameLogger - ***************************** 
[2014-03-24 23:00:17.063] [TRACE] gameLogger - checkActions 
[2014-03-24 23:00:17.063] [TRACE] gameLogger - rounds add
[2014-03-24 23:00:17.063] [TRACE] gameLogger -  
[2014-03-24 23:00:17.064] [TRACE] gameLogger - ***************************** 
[2014-03-24 23:00:17.064] [TRACE] gameLogger - checkActions 
[2014-03-24 23:00:17.064] [TRACE] gameLogger - phases add
[2014-03-24 23:00:17.064] [TRACE] gameLogger -  
[2014-03-24 23:00:17.065] [TRACE] gameLogger - ***************************** 
[2014-03-24 23:00:17.065] [TRACE] gameLogger - checkActions 
[2014-03-24 23:00:17.065] [TRACE] gameLogger - att: canOfferTo
[2014-03-24 23:00:17.065] [TRACE] gameLogger - val: 
[2014-03-24 23:00:17.066] [TRACE] gameLogger - finish building attributes
[2014-03-24 23:00:17.066] [TRACE] gameLogger - room.playerList.length: 3
[2014-03-24 23:00:17.066] [TRACE] gameLogger - player1 attributes:
[2014-03-24 23:00:17.066] [TRACE] gameLogger -    canMove 1
[2014-03-24 23:00:17.066] [TRACE] gameLogger -    canOffer 0
[2014-03-24 23:00:17.067] [TRACE] gameLogger -    canTransfer 0
[2014-03-24 23:00:17.067] [TRACE] gameLogger -    canSeeChips 1
[2014-03-24 23:00:17.067] [TRACE] gameLogger -    canSeeLocations 1
[2014-03-24 23:00:17.067] [TRACE] gameLogger -    num_of_offers_per_player -1
[2014-03-24 23:00:17.068] [TRACE] gameLogger -    total_num_of_offers -1
[2014-03-24 23:00:17.068] [TRACE] gameLogger -    can_offer_to 
[2014-03-24 23:00:17.068] [TRACE] gameLogger - ***********************
[2014-03-24 23:00:17.069] [TRACE] gameLogger - player2 attributes:
[2014-03-24 23:00:17.069] [TRACE] gameLogger -    canMove 0
[2014-03-24 23:00:17.070] [TRACE] gameLogger -    canOffer 0
[2014-03-24 23:00:17.070] [TRACE] gameLogger -    canTransfer 0
[2014-03-24 23:00:17.070] [TRACE] gameLogger -    canSeeChips 1
[2014-03-24 23:00:17.070] [TRACE] gameLogger -    canSeeLocations 1
[2014-03-24 23:00:17.071] [TRACE] gameLogger -    num_of_offers_per_player -1
[2014-03-24 23:00:17.071] [TRACE] gameLogger -    total_num_of_offers -1
[2014-03-24 23:00:17.071] [TRACE] gameLogger -    can_offer_to 
[2014-03-24 23:00:17.071] [TRACE] gameLogger - ***********************
[2014-03-24 23:00:17.072] [TRACE] gameLogger - player3 attributes:
[2014-03-24 23:00:17.072] [TRACE] gameLogger -    canMove 0
[2014-03-24 23:00:17.073] [TRACE] gameLogger -    canOffer 0
[2014-03-24 23:00:17.073] [TRACE] gameLogger -    canTransfer 0
[2014-03-24 23:00:17.073] [TRACE] gameLogger -    canSeeChips 1
[2014-03-24 23:00:17.073] [TRACE] gameLogger -    canSeeLocations 1
[2014-03-24 23:00:17.074] [TRACE] gameLogger -    num_of_offers_per_player -1
[2014-03-24 23:00:17.074] [TRACE] gameLogger -    total_num_of_offers -1
[2014-03-24 23:00:17.074] [TRACE] gameLogger -    can_offer_to 
[2014-03-24 23:00:17.074] [TRACE] gameLogger - ***********************
[2014-03-24 23:00:17.075] [TRACE] gameLogger - phase: phase2
[2014-03-24 23:00:17.076] [TRACE] gameLogger - round: round_1
[2014-03-24 23:00:17.076] [TRACE] gameLogger - beginphasev
[2014-03-24 23:00:17.076] [TRACE] gameLogger - clearPlayersAttributes
[2014-03-24 23:00:17.076] [TRACE] gameLogger - room.playerList.length: 3
[2014-03-24 23:00:17.077] [TRACE] gameLogger - buildPlayersAttributs
[2014-03-24 23:00:17.077] [TRACE] gameLogger - room.playerList.length: 3
[2014-03-24 23:00:17.077] [TRACE] gameLogger - for 1
[2014-03-24 23:00:17.077] [TRACE] gameLogger -  
[2014-03-24 23:00:17.078] [TRACE] gameLogger - ***************************** 
[2014-03-24 23:00:17.078] [TRACE] gameLogger - checkActions 
[2014-03-24 23:00:17.078] [TRACE] gameLogger - att: canMove
[2014-03-24 23:00:17.078] [TRACE] gameLogger - val: 1
[2014-03-24 23:00:17.079] [TRACE] gameLogger - att: canSeeChips
[2014-03-24 23:00:17.079] [TRACE] gameLogger - val: 1
[2014-03-24 23:00:17.079] [TRACE] gameLogger - att: canSeeLocations
[2014-03-24 23:00:17.079] [TRACE] gameLogger - val: 1
[2014-03-24 23:00:17.080] [TRACE] gameLogger - for 2
[2014-03-24 23:00:17.080] [TRACE] gameLogger -  
[2014-03-24 23:00:17.080] [TRACE] gameLogger - ***************************** 
[2014-03-24 23:00:17.080] [TRACE] gameLogger - checkActions 
[2014-03-24 23:00:17.081] [TRACE] gameLogger - att: canOfferTo
[2014-03-24 23:00:17.081] [TRACE] gameLogger - val: responder
[2014-03-24 23:00:17.081] [TRACE] gameLogger - rounds add
[2014-03-24 23:00:17.081] [TRACE] gameLogger -  
[2014-03-24 23:00:17.082] [TRACE] gameLogger - ***************************** 
[2014-03-24 23:00:17.082] [TRACE] gameLogger - checkActions 
[2014-03-24 23:00:17.082] [TRACE] gameLogger - phases add
[2014-03-24 23:00:17.082] [TRACE] gameLogger -  
[2014-03-24 23:00:17.083] [TRACE] gameLogger - ***************************** 
[2014-03-24 23:00:17.083] [TRACE] gameLogger - checkActions 
[2014-03-24 23:00:17.083] [TRACE] gameLogger - att: canMove
[2014-03-24 23:00:17.083] [TRACE] gameLogger - val: 0
[2014-03-24 23:00:17.083] [TRACE] gameLogger - for 1
[2014-03-24 23:00:17.084] [TRACE] gameLogger -  
[2014-03-24 23:00:17.084] [TRACE] gameLogger - ***************************** 
[2014-03-24 23:00:17.084] [TRACE] gameLogger - checkActions 
[2014-03-24 23:00:17.084] [TRACE] gameLogger - att: canMove
[2014-03-24 23:00:17.085] [TRACE] gameLogger - val: 0
[2014-03-24 23:00:17.085] [TRACE] gameLogger - att: canSeeChips
[2014-03-24 23:00:17.085] [TRACE] gameLogger - val: 1
[2014-03-24 23:00:17.085] [TRACE] gameLogger - att: canSeeLocations
[2014-03-24 23:00:17.086] [TRACE] gameLogger - val: 1
[2014-03-24 23:00:17.086] [TRACE] gameLogger - for 2
[2014-03-24 23:00:17.086] [TRACE] gameLogger -  
[2014-03-24 23:00:17.087] [TRACE] gameLogger - ***************************** 
[2014-03-24 23:00:17.087] [TRACE] gameLogger - checkActions 
[2014-03-24 23:00:17.087] [TRACE] gameLogger - rounds add
[2014-03-24 23:00:17.087] [TRACE] gameLogger -  
[2014-03-24 23:00:17.088] [TRACE] gameLogger - ***************************** 
[2014-03-24 23:00:17.088] [TRACE] gameLogger - checkActions 
[2014-03-24 23:00:17.088] [TRACE] gameLogger - phases add
[2014-03-24 23:00:17.088] [TRACE] gameLogger -  
[2014-03-24 23:00:17.089] [TRACE] gameLogger - ***************************** 
[2014-03-24 23:00:17.089] [TRACE] gameLogger - checkActions 
[2014-03-24 23:00:17.089] [TRACE] gameLogger - att: canMove
[2014-03-24 23:00:17.089] [TRACE] gameLogger - val: 0
[2014-03-24 23:00:17.090] [TRACE] gameLogger - for 1
[2014-03-24 23:00:17.090] [TRACE] gameLogger -  
[2014-03-24 23:00:17.090] [TRACE] gameLogger - ***************************** 
[2014-03-24 23:00:17.090] [TRACE] gameLogger - checkActions 
[2014-03-24 23:00:17.091] [TRACE] gameLogger - att: canMove
[2014-03-24 23:00:17.091] [TRACE] gameLogger - val: 0
[2014-03-24 23:00:17.091] [TRACE] gameLogger - att: canSeeChips
[2014-03-24 23:00:17.091] [TRACE] gameLogger - val: 1
[2014-03-24 23:00:17.091] [TRACE] gameLogger - att: canSeeLocations
[2014-03-24 23:00:17.092] [TRACE] gameLogger - val: 1
[2014-03-24 23:00:17.092] [TRACE] gameLogger - for 2
[2014-03-24 23:00:17.092] [TRACE] gameLogger -  
[2014-03-24 23:00:17.092] [TRACE] gameLogger - ***************************** 
[2014-03-24 23:00:17.093] [TRACE] gameLogger - checkActions 
[2014-03-24 23:00:17.093] [TRACE] gameLogger - rounds add
[2014-03-24 23:00:17.093] [TRACE] gameLogger -  
[2014-03-24 23:00:17.093] [TRACE] gameLogger - ***************************** 
[2014-03-24 23:00:17.094] [TRACE] gameLogger - checkActions 
[2014-03-24 23:00:17.094] [TRACE] gameLogger - phases add
[2014-03-24 23:00:17.094] [TRACE] gameLogger -  
[2014-03-24 23:00:17.094] [TRACE] gameLogger - ***************************** 
[2014-03-24 23:00:17.095] [TRACE] gameLogger - checkActions 
[2014-03-24 23:00:17.095] [TRACE] gameLogger - att: canMove
[2014-03-24 23:00:17.096] [TRACE] gameLogger - val: 0
[2014-03-24 23:00:17.096] [TRACE] gameLogger - finish building attributes
[2014-03-24 23:00:17.096] [TRACE] gameLogger - room.playerList.length: 3
[2014-03-24 23:00:17.096] [TRACE] gameLogger - player1 attributes:
[2014-03-24 23:00:17.097] [TRACE] gameLogger -    canMove 0
[2014-03-24 23:00:17.097] [TRACE] gameLogger -    canOffer 0
[2014-03-24 23:00:17.097] [TRACE] gameLogger -    canTransfer 0
[2014-03-24 23:00:17.097] [TRACE] gameLogger -    canSeeChips 1
[2014-03-24 23:00:17.097] [TRACE] gameLogger -    canSeeLocations 1
[2014-03-24 23:00:17.098] [TRACE] gameLogger -    num_of_offers_per_player -1
[2014-03-24 23:00:17.098] [TRACE] gameLogger -    total_num_of_offers -1
[2014-03-24 23:00:17.098] [TRACE] gameLogger -    can_offer_to 
[2014-03-24 23:00:17.098] [TRACE] gameLogger - ***********************
[2014-03-24 23:00:17.099] [TRACE] gameLogger - player2 attributes:
[2014-03-24 23:00:17.099] [TRACE] gameLogger -    canMove 0
[2014-03-24 23:00:17.100] [TRACE] gameLogger -    canOffer 0
[2014-03-24 23:00:17.100] [TRACE] gameLogger -    canTransfer 0
[2014-03-24 23:00:17.100] [TRACE] gameLogger -    canSeeChips 1
[2014-03-24 23:00:17.100] [TRACE] gameLogger -    canSeeLocations 1
[2014-03-24 23:00:17.101] [TRACE] gameLogger -    num_of_offers_per_player -1
[2014-03-24 23:00:17.101] [TRACE] gameLogger -    total_num_of_offers -1
[2014-03-24 23:00:17.101] [TRACE] gameLogger -    can_offer_to 
[2014-03-24 23:00:17.101] [TRACE] gameLogger - ***********************
[2014-03-24 23:00:17.102] [TRACE] gameLogger - player3 attributes:
[2014-03-24 23:00:17.102] [TRACE] gameLogger -    canMove 0
[2014-03-24 23:00:17.102] [TRACE] gameLogger -    canOffer 0
[2014-03-24 23:00:17.103] [TRACE] gameLogger -    canTransfer 0
[2014-03-24 23:00:17.103] [TRACE] gameLogger -    canSeeChips 1
[2014-03-24 23:00:17.103] [TRACE] gameLogger -    canSeeLocations 1
[2014-03-24 23:00:17.103] [TRACE] gameLogger -    num_of_offers_per_player -1
[2014-03-24 23:00:17.104] [TRACE] gameLogger -    total_num_of_offers -1
[2014-03-24 23:00:17.104] [TRACE] gameLogger -    can_offer_to 
[2014-03-24 23:00:17.104] [TRACE] gameLogger - ***********************
[2014-03-24 23:00:17.105] [TRACE] gameLogger - phase: phase3
[2014-03-24 23:00:17.105] [TRACE] gameLogger - round: round_1
[2014-03-24 23:00:17.105] [TRACE] gameLogger - beginphasev
[2014-03-24 23:00:17.106] [TRACE] gameLogger - clearPlayersAttributes
[2014-03-24 23:00:17.106] [TRACE] gameLogger - room.playerList.length: 3
[2014-03-24 23:00:17.106] [TRACE] gameLogger - buildPlayersAttributs
[2014-03-24 23:00:17.107] [TRACE] gameLogger - room.playerList.length: 3
[2014-03-24 23:00:17.107] [TRACE] gameLogger - for 1
[2014-03-24 23:00:17.107] [TRACE] gameLogger -  
[2014-03-24 23:00:17.107] [TRACE] gameLogger - ***************************** 
[2014-03-24 23:00:17.108] [TRACE] gameLogger - checkActions 
[2014-03-24 23:00:17.108] [TRACE] gameLogger - att: canMove
[2014-03-24 23:00:17.108] [TRACE] gameLogger - val: 1
[2014-03-24 23:00:17.108] [TRACE] gameLogger - att: canSeeChips
[2014-03-24 23:00:17.109] [TRACE] gameLogger - val: 1
[2014-03-24 23:00:17.109] [TRACE] gameLogger - att: canSeeLocations
[2014-03-24 23:00:17.109] [TRACE] gameLogger - val: 1
[2014-03-24 23:00:17.110] [TRACE] gameLogger - for 2
[2014-03-24 23:00:17.110] [TRACE] gameLogger -  
[2014-03-24 23:00:17.111] [TRACE] gameLogger - ***************************** 
[2014-03-24 23:00:17.111] [TRACE] gameLogger - checkActions 
[2014-03-24 23:00:17.111] [TRACE] gameLogger - att: canOfferTo
[2014-03-24 23:00:17.111] [TRACE] gameLogger - val: responder
[2014-03-24 23:00:17.111] [TRACE] gameLogger - rounds add
[2014-03-24 23:00:17.112] [TRACE] gameLogger -  
[2014-03-24 23:00:17.112] [TRACE] gameLogger - ***************************** 
[2014-03-24 23:00:17.112] [TRACE] gameLogger - checkActions 
[2014-03-24 23:00:17.113] [TRACE] gameLogger - phases add
[2014-03-24 23:00:17.113] [TRACE] gameLogger -  
[2014-03-24 23:00:17.113] [TRACE] gameLogger - ***************************** 
[2014-03-24 23:00:17.114] [TRACE] gameLogger - checkActions 
[2014-03-24 23:00:17.114] [TRACE] gameLogger - att: canOfferTo
[2014-03-24 23:00:17.114] [TRACE] gameLogger - val: 
[2014-03-24 23:00:17.114] [TRACE] gameLogger - for 1
[2014-03-24 23:00:17.115] [TRACE] gameLogger -  
[2014-03-24 23:00:17.115] [TRACE] gameLogger - ***************************** 
[2014-03-24 23:00:17.116] [TRACE] gameLogger - checkActions 
[2014-03-24 23:00:17.116] [TRACE] gameLogger - att: canMove
[2014-03-24 23:00:17.116] [TRACE] gameLogger - val: 0
[2014-03-24 23:00:17.117] [TRACE] gameLogger - att: canSeeChips
[2014-03-24 23:00:17.117] [TRACE] gameLogger - val: 1
[2014-03-24 23:00:17.117] [TRACE] gameLogger - att: canSeeLocations
[2014-03-24 23:00:17.117] [TRACE] gameLogger - val: 1
[2014-03-24 23:00:17.118] [TRACE] gameLogger - for 2
[2014-03-24 23:00:17.118] [TRACE] gameLogger -  
[2014-03-24 23:00:17.118] [TRACE] gameLogger - ***************************** 
[2014-03-24 23:00:17.118] [TRACE] gameLogger - checkActions 
[2014-03-24 23:00:17.119] [TRACE] gameLogger - rounds add
[2014-03-24 23:00:17.119] [TRACE] gameLogger -  
[2014-03-24 23:00:17.119] [TRACE] gameLogger - ***************************** 
[2014-03-24 23:00:17.120] [TRACE] gameLogger - checkActions 
[2014-03-24 23:00:17.120] [TRACE] gameLogger - phases add
[2014-03-24 23:00:17.120] [TRACE] gameLogger -  
[2014-03-24 23:00:17.120] [TRACE] gameLogger - ***************************** 
[2014-03-24 23:00:17.121] [TRACE] gameLogger - checkActions 
[2014-03-24 23:00:17.121] [TRACE] gameLogger - att: canOfferTo
[2014-03-24 23:00:17.121] [TRACE] gameLogger - val: 
[2014-03-24 23:00:17.121] [TRACE] gameLogger - for 1
[2014-03-24 23:00:17.122] [TRACE] gameLogger -  
[2014-03-24 23:00:17.122] [TRACE] gameLogger - ***************************** 
[2014-03-24 23:00:17.122] [TRACE] gameLogger - checkActions 
[2014-03-24 23:00:17.122] [TRACE] gameLogger - att: canMove
[2014-03-24 23:00:17.123] [TRACE] gameLogger - val: 0
[2014-03-24 23:00:17.123] [TRACE] gameLogger - att: canSeeChips
[2014-03-24 23:00:17.123] [TRACE] gameLogger - val: 1
[2014-03-24 23:00:17.123] [TRACE] gameLogger - att: canSeeLocations
[2014-03-24 23:00:17.124] [TRACE] gameLogger - val: 1
[2014-03-24 23:00:17.124] [TRACE] gameLogger - for 2
[2014-03-24 23:00:17.125] [TRACE] gameLogger -  
[2014-03-24 23:00:17.125] [TRACE] gameLogger - ***************************** 
[2014-03-24 23:00:17.125] [TRACE] gameLogger - checkActions 
[2014-03-24 23:00:17.125] [TRACE] gameLogger - rounds add
[2014-03-24 23:00:17.125] [TRACE] gameLogger -  
[2014-03-24 23:00:17.126] [TRACE] gameLogger - ***************************** 
[2014-03-24 23:00:17.126] [TRACE] gameLogger - checkActions 
[2014-03-24 23:00:17.126] [TRACE] gameLogger - phases add
[2014-03-24 23:00:17.127] [TRACE] gameLogger -  
[2014-03-24 23:00:17.127] [TRACE] gameLogger - ***************************** 
[2014-03-24 23:00:17.127] [TRACE] gameLogger - checkActions 
[2014-03-24 23:00:17.127] [TRACE] gameLogger - att: canOfferTo
[2014-03-24 23:00:17.127] [TRACE] gameLogger - val: 
[2014-03-24 23:00:17.128] [TRACE] gameLogger - finish building attributes
[2014-03-24 23:00:17.128] [TRACE] gameLogger - room.playerList.length: 3
[2014-03-24 23:00:17.128] [TRACE] gameLogger - player1 attributes:
[2014-03-24 23:00:17.128] [TRACE] gameLogger -    canMove 1
[2014-03-24 23:00:17.129] [TRACE] gameLogger -    canOffer 0
[2014-03-24 23:00:17.129] [TRACE] gameLogger -    canTransfer 0
[2014-03-24 23:00:17.129] [TRACE] gameLogger -    canSeeChips 1
[2014-03-24 23:00:17.129] [TRACE] gameLogger -    canSeeLocations 1
[2014-03-24 23:00:17.129] [TRACE] gameLogger -    num_of_offers_per_player -1
[2014-03-24 23:00:17.130] [TRACE] gameLogger -    total_num_of_offers -1
[2014-03-24 23:00:17.130] [TRACE] gameLogger -    can_offer_to 
[2014-03-24 23:00:17.130] [TRACE] gameLogger - ***********************
[2014-03-24 23:00:17.131] [TRACE] gameLogger - player2 attributes:
[2014-03-24 23:00:17.131] [TRACE] gameLogger -    canMove 0
[2014-03-24 23:00:17.131] [TRACE] gameLogger -    canOffer 0
[2014-03-24 23:00:17.132] [TRACE] gameLogger -    canTransfer 0
[2014-03-24 23:00:17.132] [TRACE] gameLogger -    canSeeChips 1
[2014-03-24 23:00:17.132] [TRACE] gameLogger -    canSeeLocations 1
[2014-03-24 23:00:17.132] [TRACE] gameLogger -    num_of_offers_per_player -1
[2014-03-24 23:00:17.132] [TRACE] gameLogger -    total_num_of_offers -1
[2014-03-24 23:00:17.133] [TRACE] gameLogger -    can_offer_to 
[2014-03-24 23:00:17.133] [TRACE] gameLogger - ***********************
[2014-03-24 23:00:17.134] [TRACE] gameLogger - player3 attributes:
[2014-03-24 23:00:17.134] [TRACE] gameLogger -    canMove 0
[2014-03-24 23:00:17.134] [TRACE] gameLogger -    canOffer 0
[2014-03-24 23:00:17.134] [TRACE] gameLogger -    canTransfer 0
[2014-03-24 23:00:17.135] [TRACE] gameLogger -    canSeeChips 1
[2014-03-24 23:00:17.135] [TRACE] gameLogger -    canSeeLocations 1
[2014-03-24 23:00:17.135] [TRACE] gameLogger -    num_of_offers_per_player -1
[2014-03-24 23:00:17.135] [TRACE] gameLogger -    total_num_of_offers -1
[2014-03-24 23:00:17.135] [TRACE] gameLogger -    can_offer_to 
[2014-03-24 23:00:17.136] [TRACE] gameLogger - ***********************
[2014-03-24 23:00:17.137] [TRACE] gameLogger - phase: phase2
[2014-03-24 23:00:17.137] [TRACE] gameLogger - round: round_2
[2014-03-24 23:00:17.137] [TRACE] gameLogger - beginphasev
[2014-03-24 23:00:17.138] [TRACE] gameLogger - clearPlayersAttributes
[2014-03-24 23:00:17.138] [TRACE] gameLogger - room.playerList.length: 3
[2014-03-24 23:00:17.138] [TRACE] gameLogger - buildPlayersAttributs
[2014-03-24 23:00:17.138] [TRACE] gameLogger - room.playerList.length: 3
[2014-03-24 23:00:17.138] [TRACE] gameLogger - for 1
[2014-03-24 23:00:17.139] [TRACE] gameLogger -  
[2014-03-24 23:00:17.139] [TRACE] gameLogger - ***************************** 
[2014-03-24 23:00:17.139] [TRACE] gameLogger - checkActions 
[2014-03-24 23:00:17.140] [TRACE] gameLogger - att: canMove
[2014-03-24 23:00:17.140] [TRACE] gameLogger - val: 1
[2014-03-24 23:00:17.140] [TRACE] gameLogger - att: canSeeChips
[2014-03-24 23:00:17.140] [TRACE] gameLogger - val: 1
[2014-03-24 23:00:17.141] [TRACE] gameLogger - att: canSeeLocations
[2014-03-24 23:00:17.141] [TRACE] gameLogger - val: 1
[2014-03-24 23:00:17.141] [TRACE] gameLogger - for 2
[2014-03-24 23:00:17.142] [TRACE] gameLogger -  
[2014-03-24 23:00:17.142] [TRACE] gameLogger - ***************************** 
[2014-03-24 23:00:17.142] [TRACE] gameLogger - checkActions 
[2014-03-24 23:00:17.142] [TRACE] gameLogger - rounds add
[2014-03-24 23:00:17.143] [TRACE] gameLogger -  
[2014-03-24 23:00:17.143] [TRACE] gameLogger - ***************************** 
[2014-03-24 23:00:17.143] [TRACE] gameLogger - checkActions 
[2014-03-24 23:00:17.143] [TRACE] gameLogger - att: canMove
[2014-03-24 23:00:17.143] [TRACE] gameLogger - val: 0
[2014-03-24 23:00:17.144] [TRACE] gameLogger - att: canOfferTo
[2014-03-24 23:00:17.144] [TRACE] gameLogger - val: 
[2014-03-24 23:00:17.144] [TRACE] gameLogger - phases add
[2014-03-24 23:00:17.144] [TRACE] gameLogger -  
[2014-03-24 23:00:17.145] [TRACE] gameLogger - ***************************** 
[2014-03-24 23:00:17.145] [TRACE] gameLogger - checkActions 
[2014-03-24 23:00:17.145] [TRACE] gameLogger - att: canMove
[2014-03-24 23:00:17.145] [TRACE] gameLogger - val: 0
[2014-03-24 23:00:17.146] [TRACE] gameLogger - for 1
[2014-03-24 23:00:17.146] [TRACE] gameLogger -  
[2014-03-24 23:00:17.146] [TRACE] gameLogger - ***************************** 
[2014-03-24 23:00:17.146] [TRACE] gameLogger - checkActions 
[2014-03-24 23:00:17.147] [TRACE] gameLogger - att: canMove
[2014-03-24 23:00:17.147] [TRACE] gameLogger - val: 0
[2014-03-24 23:00:17.147] [TRACE] gameLogger - att: canSeeChips
[2014-03-24 23:00:17.147] [TRACE] gameLogger - val: 1
[2014-03-24 23:00:17.148] [TRACE] gameLogger - att: canSeeLocations
[2014-03-24 23:00:17.148] [TRACE] gameLogger - val: 1
[2014-03-24 23:00:17.148] [TRACE] gameLogger - for 2
[2014-03-24 23:00:17.148] [TRACE] gameLogger -  
[2014-03-24 23:00:17.149] [TRACE] gameLogger - ***************************** 
[2014-03-24 23:00:17.149] [TRACE] gameLogger - checkActions 
[2014-03-24 23:00:17.149] [TRACE] gameLogger - att: canOfferTo
[2014-03-24 23:00:17.149] [TRACE] gameLogger - val: responder
[2014-03-24 23:00:17.149] [TRACE] gameLogger - rounds add
[2014-03-24 23:00:17.150] [TRACE] gameLogger -  
[2014-03-24 23:00:17.150] [TRACE] gameLogger - ***************************** 
[2014-03-24 23:00:17.151] [TRACE] gameLogger - checkActions 
[2014-03-24 23:00:17.151] [TRACE] gameLogger - phases add
[2014-03-24 23:00:17.151] [TRACE] gameLogger -  
[2014-03-24 23:00:17.151] [TRACE] gameLogger - ***************************** 
[2014-03-24 23:00:17.152] [TRACE] gameLogger - checkActions 
[2014-03-24 23:00:17.152] [TRACE] gameLogger - att: canMove
[2014-03-24 23:00:17.152] [TRACE] gameLogger - val: 0
[2014-03-24 23:00:17.152] [TRACE] gameLogger - for 1
[2014-03-24 23:00:17.153] [TRACE] gameLogger -  
[2014-03-24 23:00:17.153] [TRACE] gameLogger - ***************************** 
[2014-03-24 23:00:17.153] [TRACE] gameLogger - checkActions 
[2014-03-24 23:00:17.153] [TRACE] gameLogger - att: canMove
[2014-03-24 23:00:17.154] [TRACE] gameLogger - val: 0
[2014-03-24 23:00:17.154] [TRACE] gameLogger - att: canSeeChips
[2014-03-24 23:00:17.154] [TRACE] gameLogger - val: 1
[2014-03-24 23:00:17.154] [TRACE] gameLogger - att: canSeeLocations
[2014-03-24 23:00:17.154] [TRACE] gameLogger - val: 1
[2014-03-24 23:00:17.155] [TRACE] gameLogger - for 2
[2014-03-24 23:00:17.155] [TRACE] gameLogger -  
[2014-03-24 23:00:17.155] [TRACE] gameLogger - ***************************** 
[2014-03-24 23:00:17.155] [TRACE] gameLogger - checkActions 
[2014-03-24 23:00:17.156] [TRACE] gameLogger - att: canOfferTo
[2014-03-24 23:00:17.156] [TRACE] gameLogger - val: responder
[2014-03-24 23:00:17.156] [TRACE] gameLogger - rounds add
[2014-03-24 23:00:17.157] [TRACE] gameLogger -  
[2014-03-24 23:00:17.157] [TRACE] gameLogger - ***************************** 
[2014-03-24 23:00:17.157] [TRACE] gameLogger - checkActions 
[2014-03-24 23:00:17.157] [TRACE] gameLogger - phases add
[2014-03-24 23:00:17.158] [TRACE] gameLogger -  
[2014-03-24 23:00:17.158] [TRACE] gameLogger - ***************************** 
[2014-03-24 23:00:17.158] [TRACE] gameLogger - checkActions 
[2014-03-24 23:00:17.158] [TRACE] gameLogger - att: canMove
[2014-03-24 23:00:17.158] [TRACE] gameLogger - val: 0
[2014-03-24 23:00:17.159] [TRACE] gameLogger - finish building attributes
[2014-03-24 23:00:17.159] [TRACE] gameLogger - room.playerList.length: 3
[2014-03-24 23:00:17.159] [TRACE] gameLogger - player1 attributes:
[2014-03-24 23:00:17.159] [TRACE] gameLogger -    canMove 0
[2014-03-24 23:00:17.160] [TRACE] gameLogger -    canOffer 0
[2014-03-24 23:00:17.160] [TRACE] gameLogger -    canTransfer 0
[2014-03-24 23:00:17.160] [TRACE] gameLogger -    canSeeChips 1
[2014-03-24 23:00:17.160] [TRACE] gameLogger -    canSeeLocations 1
[2014-03-24 23:00:17.160] [TRACE] gameLogger -    num_of_offers_per_player -1
[2014-03-24 23:00:17.161] [TRACE] gameLogger -    total_num_of_offers -1
[2014-03-24 23:00:17.161] [TRACE] gameLogger -    can_offer_to 
[2014-03-24 23:00:17.161] [TRACE] gameLogger - ***********************
[2014-03-24 23:00:17.162] [TRACE] gameLogger - player2 attributes:
[2014-03-24 23:00:17.162] [TRACE] gameLogger -    canMove 0
[2014-03-24 23:00:17.162] [TRACE] gameLogger -    canOffer 0
[2014-03-24 23:00:17.163] [TRACE] gameLogger -    canTransfer 0
[2014-03-24 23:00:17.163] [TRACE] gameLogger -    canSeeChips 1
[2014-03-24 23:00:17.163] [TRACE] gameLogger -    canSeeLocations 1
[2014-03-24 23:00:17.163] [TRACE] gameLogger -    num_of_offers_per_player -1
[2014-03-24 23:00:17.163] [TRACE] gameLogger -    total_num_of_offers -1
[2014-03-24 23:00:17.164] [TRACE] gameLogger -    can_offer_to 
[2014-03-24 23:00:17.164] [TRACE] gameLogger - ***********************
[2014-03-24 23:00:17.165] [TRACE] gameLogger - player3 attributes:
[2014-03-24 23:00:17.165] [TRACE] gameLogger -    canMove 0
[2014-03-24 23:00:17.165] [TRACE] gameLogger -    canOffer 0
[2014-03-24 23:00:17.165] [TRACE] gameLogger -    canTransfer 0
[2014-03-24 23:00:17.166] [TRACE] gameLogger -    canSeeChips 1
[2014-03-24 23:00:17.166] [TRACE] gameLogger -    canSeeLocations 1
[2014-03-24 23:00:17.166] [TRACE] gameLogger -    num_of_offers_per_player -1
[2014-03-24 23:00:17.166] [TRACE] gameLogger -    total_num_of_offers -1
[2014-03-24 23:00:17.166] [TRACE] gameLogger -    can_offer_to 
[2014-03-24 23:00:17.167] [TRACE] gameLogger - ***********************
[2014-03-24 23:00:17.168] [TRACE] gameLogger - phase: phase3
[2014-03-24 23:00:17.168] [TRACE] gameLogger - round: round_2
[2014-03-24 23:00:17.168] [TRACE] gameLogger - beginphasev
[2014-03-24 23:00:17.168] [TRACE] gameLogger - clearPlayersAttributes
[2014-03-24 23:00:17.169] [TRACE] gameLogger - room.playerList.length: 3
[2014-03-24 23:00:17.169] [TRACE] gameLogger - buildPlayersAttributs
[2014-03-24 23:00:17.169] [TRACE] gameLogger - room.playerList.length: 3
[2014-03-24 23:00:17.169] [TRACE] gameLogger - for 1
[2014-03-24 23:00:17.170] [TRACE] gameLogger -  
[2014-03-24 23:00:17.170] [TRACE] gameLogger - ***************************** 
[2014-03-24 23:00:17.170] [TRACE] gameLogger - checkActions 
[2014-03-24 23:00:17.170] [TRACE] gameLogger - att: canMove
[2014-03-24 23:00:17.171] [TRACE] gameLogger - val: 1
[2014-03-24 23:00:17.171] [TRACE] gameLogger - att: canSeeChips
[2014-03-24 23:00:17.171] [TRACE] gameLogger - val: 1
[2014-03-24 23:00:17.171] [TRACE] gameLogger - att: canSeeLocations
[2014-03-24 23:00:17.172] [TRACE] gameLogger - val: 1
[2014-03-24 23:00:17.172] [TRACE] gameLogger - for 2
[2014-03-24 23:00:17.172] [TRACE] gameLogger -  
[2014-03-24 23:00:17.172] [TRACE] gameLogger - ***************************** 
[2014-03-24 23:00:17.172] [TRACE] gameLogger - checkActions 
[2014-03-24 23:00:17.173] [TRACE] gameLogger - rounds add
[2014-03-24 23:00:17.173] [TRACE] gameLogger -  
[2014-03-24 23:00:17.173] [TRACE] gameLogger - ***************************** 
[2014-03-24 23:00:17.173] [TRACE] gameLogger - checkActions 
[2014-03-24 23:00:17.174] [TRACE] gameLogger - att: canMove
[2014-03-24 23:00:17.174] [TRACE] gameLogger - val: 0
[2014-03-24 23:00:17.174] [TRACE] gameLogger - att: canOfferTo
[2014-03-24 23:00:17.174] [TRACE] gameLogger - val: 
[2014-03-24 23:00:17.175] [TRACE] gameLogger - phases add
[2014-03-24 23:00:17.175] [TRACE] gameLogger -  
[2014-03-24 23:00:17.175] [TRACE] gameLogger - ***************************** 
[2014-03-24 23:00:17.175] [TRACE] gameLogger - checkActions 
[2014-03-24 23:00:17.176] [TRACE] gameLogger - att: canOfferTo
[2014-03-24 23:00:17.176] [TRACE] gameLogger - val: 
[2014-03-24 23:00:17.177] [TRACE] gameLogger - for 1
[2014-03-24 23:00:17.177] [TRACE] gameLogger -  
[2014-03-24 23:00:17.177] [TRACE] gameLogger - ***************************** 
[2014-03-24 23:00:17.177] [TRACE] gameLogger - checkActions 
[2014-03-24 23:00:17.178] [TRACE] gameLogger - att: canMove
[2014-03-24 23:00:17.178] [TRACE] gameLogger - val: 0
[2014-03-24 23:00:17.178] [TRACE] gameLogger - att: canSeeChips
[2014-03-24 23:00:17.178] [TRACE] gameLogger - val: 1
[2014-03-24 23:00:17.178] [TRACE] gameLogger - att: canSeeLocations
[2014-03-24 23:00:17.179] [TRACE] gameLogger - val: 1
[2014-03-24 23:00:17.179] [TRACE] gameLogger - for 2
[2014-03-24 23:00:17.179] [TRACE] gameLogger -  
[2014-03-24 23:00:17.180] [TRACE] gameLogger - ***************************** 
[2014-03-24 23:00:17.180] [TRACE] gameLogger - checkActions 
[2014-03-24 23:00:17.180] [TRACE] gameLogger - att: canOfferTo
[2014-03-24 23:00:17.180] [TRACE] gameLogger - val: responder
[2014-03-24 23:00:17.180] [TRACE] gameLogger - rounds add
[2014-03-24 23:00:17.181] [TRACE] gameLogger -  
[2014-03-24 23:00:17.181] [TRACE] gameLogger - ***************************** 
[2014-03-24 23:00:17.181] [TRACE] gameLogger - checkActions 
[2014-03-24 23:00:17.181] [TRACE] gameLogger - phases add
[2014-03-24 23:00:17.182] [TRACE] gameLogger -  
[2014-03-24 23:00:17.182] [TRACE] gameLogger - ***************************** 
[2014-03-24 23:00:17.182] [TRACE] gameLogger - checkActions 
[2014-03-24 23:00:17.182] [TRACE] gameLogger - att: canOfferTo
[2014-03-24 23:00:17.183] [TRACE] gameLogger - val: 
[2014-03-24 23:00:17.183] [TRACE] gameLogger - for 1
[2014-03-24 23:00:17.183] [TRACE] gameLogger -  
[2014-03-24 23:00:17.183] [TRACE] gameLogger - ***************************** 
[2014-03-24 23:00:17.184] [TRACE] gameLogger - checkActions 
[2014-03-24 23:00:17.184] [TRACE] gameLogger - att: canMove
[2014-03-24 23:00:17.184] [TRACE] gameLogger - val: 0
[2014-03-24 23:00:17.184] [TRACE] gameLogger - att: canSeeChips
[2014-03-24 23:00:17.185] [TRACE] gameLogger - val: 1
[2014-03-24 23:00:17.185] [TRACE] gameLogger - att: canSeeLocations
[2014-03-24 23:00:17.185] [TRACE] gameLogger - val: 1
[2014-03-24 23:00:17.185] [TRACE] gameLogger - for 2
[2014-03-24 23:00:17.186] [TRACE] gameLogger -  
[2014-03-24 23:00:17.186] [TRACE] gameLogger - ***************************** 
[2014-03-24 23:00:17.186] [TRACE] gameLogger - checkActions 
[2014-03-24 23:00:17.186] [TRACE] gameLogger - att: canOfferTo
[2014-03-24 23:00:17.187] [TRACE] gameLogger - val: responder
[2014-03-24 23:00:17.187] [TRACE] gameLogger - rounds add
[2014-03-24 23:00:17.187] [TRACE] gameLogger -  
[2014-03-24 23:00:17.187] [TRACE] gameLogger - ***************************** 
[2014-03-24 23:00:17.188] [TRACE] gameLogger - checkActions 
[2014-03-24 23:00:17.188] [TRACE] gameLogger - phases add
[2014-03-24 23:00:17.188] [TRACE] gameLogger -  
[2014-03-24 23:00:17.188] [TRACE] gameLogger - ***************************** 
[2014-03-24 23:00:17.189] [TRACE] gameLogger - checkActions 
[2014-03-24 23:00:17.189] [TRACE] gameLogger - att: canOfferTo
[2014-03-24 23:00:17.189] [TRACE] gameLogger - val: 
[2014-03-24 23:00:17.189] [TRACE] gameLogger - finish building attributes
[2014-03-24 23:00:17.190] [TRACE] gameLogger - room.playerList.length: 3
[2014-03-24 23:00:17.190] [TRACE] gameLogger - player1 attributes:
[2014-03-24 23:00:17.190] [TRACE] gameLogger -    canMove 0
[2014-03-24 23:00:17.190] [TRACE] gameLogger -    canOffer 0
[2014-03-24 23:00:17.191] [TRACE] gameLogger -    canTransfer 0
[2014-03-24 23:00:17.191] [TRACE] gameLogger -    canSeeChips 1
[2014-03-24 23:00:17.191] [TRACE] gameLogger -    canSeeLocations 1
[2014-03-24 23:00:17.191] [TRACE] gameLogger -    num_of_offers_per_player -1
[2014-03-24 23:00:17.191] [TRACE] gameLogger -    total_num_of_offers -1
[2014-03-24 23:00:17.192] [TRACE] gameLogger -    can_offer_to 
[2014-03-24 23:00:17.192] [TRACE] gameLogger - ***********************
[2014-03-24 23:00:17.193] [TRACE] gameLogger - player2 attributes:
[2014-03-24 23:00:17.193] [TRACE] gameLogger -    canMove 0
[2014-03-24 23:00:17.193] [TRACE] gameLogger -    canOffer 0
[2014-03-24 23:00:17.193] [TRACE] gameLogger -    canTransfer 0
[2014-03-24 23:00:17.194] [TRACE] gameLogger -    canSeeChips 1
[2014-03-24 23:00:17.194] [TRACE] gameLogger -    canSeeLocations 1
[2014-03-24 23:00:17.194] [TRACE] gameLogger -    num_of_offers_per_player -1
[2014-03-24 23:00:17.194] [TRACE] gameLogger -    total_num_of_offers -1
[2014-03-24 23:00:17.194] [TRACE] gameLogger -    can_offer_to 
[2014-03-24 23:00:17.195] [TRACE] gameLogger - ***********************
[2014-03-24 23:00:17.195] [TRACE] gameLogger - player3 attributes:
[2014-03-24 23:00:17.196] [TRACE] gameLogger -    canMove 0
[2014-03-24 23:00:17.196] [TRACE] gameLogger -    canOffer 0
[2014-03-24 23:00:17.196] [TRACE] gameLogger -    canTransfer 0
[2014-03-24 23:00:17.196] [TRACE] gameLogger -    canSeeChips 1
[2014-03-24 23:00:17.197] [TRACE] gameLogger -    canSeeLocations 1
[2014-03-24 23:00:17.197] [TRACE] gameLogger -    num_of_offers_per_player -1
[2014-03-24 23:00:17.197] [TRACE] gameLogger -    total_num_of_offers -1
[2014-03-24 23:00:17.197] [TRACE] gameLogger -    can_offer_to 
[2014-03-24 23:00:17.197] [TRACE] gameLogger - ***********************
